<?xml version="1.0" encoding="UTF-8"?>
<!-- Generated by org.testng.reporters.JUnitXMLReporter -->
<testsuite ignored="0" hostname="DESKTOP-B0UT20G" failures="1" tests="2" name="Test" time="140.151" errors="0" timestamp="2026-02-16T16:39:18 IST">
  <testcase classname="practice.test.InvoiceTest" name="createInvoiceTest" time="0.021">
    <failure type="java.lang.AssertionError" message="expected [LogIn] but found [Admin123@ Administrator1 - Home - vtiger CRM 5 - Commercial Open Source CRM]">
      <![CDATA[java.lang.AssertionError: expected [LogIn] but found [Admin123@ Administrator1 - Home - vtiger CRM 5 - Commercial Open Source CRM]
at practice.test.InvoiceTest.createInvoiceTest(InvoiceTest.java:14)
at java.base/java.util.ArrayList.forEach(ArrayList.java:1511)
... Removed 33 stack frames]]>
    </failure>
  </testcase> <!-- createInvoiceTest -->
  <testcase classname="practice.test.InvoiceTest" name="createInvoicewithContact" time="0.001"/>
</testsuite> <!-- Test -->
