<?xml version="1.0" encoding="UTF-8"?>
<!-- Generated by org.testng.reporters.JUnitReportReporter -->
<testsuite hostname="DESKTOP-B0UT20G" failures="0" tests="3" name="practice.test.DemoWebShop_DP" time="13.543" errors="0" timestamp="2026-02-13T11:03:14 IST" skipped="0">
  <testcase classname="practice.test.DemoWebShop_DP" name="SearchTest" time="4.958"/>
  <testcase classname="practice.test.DemoWebShop_DP" name="SearchTest" time="4.354"/>
  <testcase classname="practice.test.DemoWebShop_DP" name="SearchTest" time="4.231"/>
</testsuite> <!-- practice.test.DemoWebShop_DP -->
