<?xml version="1.0" encoding="UTF-8"?>
<!-- Generated by org.testng.reporters.JUnitReportReporter -->
<testsuite hostname="DESKTOP-B0UT20G" failures="0" tests="2" name="com.crm.comcast.contacttest.CreateContactTest" time="0.008" errors="0" timestamp="2026-02-14T10:39:16 IST" skipped="0">
  <testcase classname="com.crm.comcast.contacttest.CreateContactTest" name="createContactWithDate" time="0.002"/>
  <testcase classname="com.crm.comcast.contacttest.CreateContactTest" name="createContactTest" time="0.006"/>
</testsuite> <!-- com.crm.comcast.contacttest.CreateContactTest -->
