<?xml version="1.0" encoding="UTF-8"?>
<!-- Generated by org.testng.reporters.JUnitReportReporter -->
<testsuite hostname="DESKTOP-B0UT20G" failures="0" tests="1" name="com.comcast.crm.orgtest.CreateOrganizationWithIndustriesTest" time="127.269" errors="0" timestamp="2026-02-16T10:00:21 IST" skipped="0">
  <testcase classname="com.comcast.crm.orgtest.CreateOrganizationWithIndustriesTest" name="createOrganizationWithIndustriesTest" time="127.269"/>
</testsuite> <!-- com.comcast.crm.orgtest.CreateOrganizationWithIndustriesTest -->
