<?xml version="1.0" encoding="UTF-8"?>
<!-- Generated by org.testng.reporters.JUnitReportReporter -->
<testsuite hostname="DESKTOP-B0UT20G" failures="0" tests="1" name="practice.hometest.HomePageSampleTest" time="0.011" errors="0" timestamp="2026-02-16T13:19:07 IST" skipped="0">
  <testcase classname="practice.hometest.HomePageSampleTest" name="homePageTest" time="0.011">
    <system-out>
      <![CDATA[step1
step2
step3
step4]]>
    </system-out>
  </testcase> <!-- homePageTest -->
  <system-out>
    <![CDATA[step1
step2
step3
step4]]>
  </system-out>
</testsuite> <!-- practice.hometest.HomePageSampleTest -->
