<?xml version="1.0" encoding="UTF-8"?>
<testng-results ignored="0" total="1" passed="1" failed="0" skipped="0">
  <reporter-output>
  </reporter-output>
  <suite started-at="2026-02-18T13:31:35 IST" name="Default suite" finished-at="2026-02-18T13:35:07 IST" duration-ms="211318">
    <groups>
    </groups>
    <test started-at="2026-02-18T13:31:35 IST" name="Default test" finished-at="2026-02-18T13:35:07 IST" duration-ms="211318">
      <class name="com.comcast.crm.contacttest.CreateContactTest">
        <test-method is-config="true" signature="configBS()[pri:0, instance:com.comcast.crm.contacttest.CreateContactTest@6743e411]" started-at="2026-02-18T13:31:35 IST" name="configBS" finished-at="2026-02-18T13:31:35 IST" duration-ms="20" status="PASS">
          <reporter-output>
          </reporter-output>
        </test-method> <!-- configBS -->
        <test-method is-config="true" signature="configBC()[pri:0, instance:com.comcast.crm.contacttest.CreateContactTest@6743e411]" started-at="2026-02-18T13:31:35 IST" name="configBC" finished-at="2026-02-18T13:31:38 IST" duration-ms="2477" status="PASS">
          <reporter-output>
          </reporter-output>
        </test-method> <!-- configBC -->
        <test-method is-config="true" signature="configBM()[pri:0, instance:com.comcast.crm.contacttest.CreateContactTest@6743e411]" started-at="2026-02-18T13:31:38 IST" name="configBM" finished-at="2026-02-18T13:32:46 IST" duration-ms="67924" status="PASS">
          <reporter-output>
          </reporter-output>
        </test-method> <!-- configBM -->
        <test-method signature="createContactWithSupportDate()[pri:0, instance:com.comcast.crm.contacttest.CreateContactTest@6743e411]" started-at="2026-02-18T13:32:46 IST" name="createContactWithSupportDate" finished-at="2026-02-18T13:34:49 IST" duration-ms="123093" status="PASS">
          <reporter-output>
          </reporter-output>
        </test-method> <!-- createContactWithSupportDate -->
        <test-method is-config="true" signature="configAM()[pri:0, instance:com.comcast.crm.contacttest.CreateContactTest@6743e411]" started-at="2026-02-18T13:34:49 IST" name="configAM" finished-at="2026-02-18T13:35:01 IST" duration-ms="11645" status="PASS">
          <reporter-output>
          </reporter-output>
        </test-method> <!-- configAM -->
        <test-method is-config="true" signature="configAC()[pri:0, instance:com.comcast.crm.contacttest.CreateContactTest@6743e411]" started-at="2026-02-18T13:35:06 IST" name="configAC" finished-at="2026-02-18T13:35:07 IST" duration-ms="393" status="PASS">
          <reporter-output>
          </reporter-output>
        </test-method> <!-- configAC -->
        <test-method is-config="true" signature="configAS()[pri:0, instance:com.comcast.crm.contacttest.CreateContactTest@6743e411]" started-at="2026-02-18T13:35:07 IST" name="configAS" finished-at="2026-02-18T13:35:07 IST" duration-ms="0" status="PASS">
          <reporter-output>
          </reporter-output>
        </test-method> <!-- configAS -->
      </class> <!-- com.comcast.crm.contacttest.CreateContactTest -->
    </test> <!-- Default test -->
  </suite> <!-- Default suite -->
</testng-results>
